<?xml version="1.0" encoding="UTF-8"?>
<!-- Generated by org.testng.reporters.JUnitReportReporter -->
<testsuite skipped="0" hostname="LAPTOP-3N0HLSP8" name="mvPkg.WebdriverMangerBrowserLaunch" tests="1" failures="0" timestamp="2020-08-17T11:18:48 IST" time="11.529" errors="0">
  <testcase name="browserLaunch" time="11.529" classname="mvPkg.WebdriverMangerBrowserLaunch"/>
  <system-out/>
</testsuite> <!-- mvPkg.WebdriverMangerBrowserLaunch -->
