<?xml version="1.0" encoding="UTF-8"?>
<!-- Generated by org.testng.reporters.JUnitReportReporter -->
<testsuite skipped="0" hostname="LAPTOP-3N0HLSP8" name="mvPkg.WebdriverMangerBrowserLaunch" tests="1" failures="0" timestamp="2020-08-19T13:49:52 IST" time="7.389" errors="0">
  <testcase name="browserLaunch" time="7.389" classname="mvPkg.WebdriverMangerBrowserLaunch"/>
  <system-out/>
</testsuite> <!-- mvPkg.WebdriverMangerBrowserLaunch -->
